<?xml version="1.0" encoding="UTF-8"?>
<testsuite name="HtmlValidatorAppTest" tests="1" skipped="0" failures="0" errors="0" timestamp="2025-08-28T05:23:02" hostname="Kaths-MacBook-Air.local" time="0.026">
  <properties/>
  <testcase name="dummyTest()" classname="HtmlValidatorAppTest" time="0.026"/>
  <system-out><![CDATA[]]></system-out>
  <system-err><![CDATA[]]></system-err>
</testsuite>
